-------------------------------------------------------------------------------
Test set: Milestone2.Wallet_Management_Project.controller.WalletControllerTest
-------------------------------------------------------------------------------
Tests run: 2, Failures: 1, Errors: 0, Skipped: 0, Time elapsed: 0.112 s <<< FAILURE! - in Milestone2.Wallet_Management_Project.controller.WalletControllerTest
createWallet  Time elapsed: 0.084 s  <<< FAILURE!
org.junit.ComparisonFailure: expected:<[Wallet created successfully] !> but was:<[User does not exist with this mobile number ,Please check] !>
	at Milestone2.Wallet_Management_Project.controller.WalletControllerTest.createWallet(WalletControllerTest.java:89)

