<?xml version="1.0" encoding="UTF-8"?>
<testsuite xmlns:xsi="http://www.w3.org/2001/XMLSchema-instance" xsi:noNamespaceSchemaLocation="https://maven.apache.org/surefire/maven-surefire-plugin/xsd/surefire-test-report.xsd" name="com.paytm.mileston2.controller.UserControllerTest" time="7.609" tests="5" errors="2" skipped="0" failures="2">
  <properties>
[...]
</properties>
  <testcase name="createUserWithInvalidConstraint" classname="com.paytm.mileston2.controller.UserControllerTest" time="0.631">
    <failure message="User can&apos;t created user " type="java.lang.AssertionError">java.lang.AssertionError: User can't created user 
	at com.paytm.mileston2.controller.UserControllerTest.createUserWithInvalidConstraint(UserControllerTest.java:63)
</failure>
    <system-out><![CDATA[2022-03-08 10:48:51.316  INFO 33725 --- [           main] .b.t.c.SpringBootTestContextBootstrapper : Neither @ContextConfiguration nor @ContextHierarchy found for test class [com.paytm.mileston2.controller.UserControllerTest], using SpringBootContextLoader
2022-03-08 10:48:51.322  INFO 33725 --- [           main] o.s.t.c.support.AbstractContextLoader    : Could not detect default resource locations for test class [com.paytm.mileston2.controller.UserControllerTest]: no resource found for suffixes {-context.xml, Context.groovy}.
2022-03-08 10:48:51.322  INFO 33725 --- [           main] t.c.s.AnnotationConfigContextLoaderUtils : Could not detect default configuration classes for test class [com.paytm.mileston2.controller.UserControllerTest]: UserControllerTest does not declare any static, non-private, non-final, nested classes annotated with @Configuration.
2022-03-08 10:48:51.444  INFO 33725 --- [           main] .b.t.c.SpringBootTestContextBootstrapper : Found @SpringBootConfiguration com.paytm.mileston2.WalletManagementApplication for test class com.paytm.mileston2.controller.UserControllerTest
2022-03-08 10:48:51.455  INFO 33725 --- [           main] .b.t.c.SpringBootTestContextBootstrapper : Loaded default TestExecutionListener class names from location [META-INF/spring.factories]: [org.springframework.boot.test.mock.mockito.MockitoTestExecutionListener, org.springframework.boot.test.mock.mockito.ResetMocksTestExecutionListener, org.springframework.boot.test.autoconfigure.restdocs.RestDocsTestExecutionListener, org.springframework.boot.test.autoconfigure.web.client.MockRestServiceServerResetTestExecutionListener, org.springframework.boot.test.autoconfigure.web.servlet.MockMvcPrintOnlyOnFailureTestExecutionListener, org.springframework.boot.test.autoconfigure.web.servlet.WebDriverTestExecutionListener, org.springframework.boot.test.autoconfigure.webservices.client.MockWebServiceServerTestExecutionListener, org.springframework.test.context.web.ServletTestExecutionListener, org.springframework.test.context.support.DirtiesContextBeforeModesTestExecutionListener, org.springframework.test.context.event.ApplicationEventsTestExecutionListener, org.springframework.test.context.support.DependencyInjectionTestExecutionListener, org.springframework.test.context.support.DirtiesContextTestExecutionListener, org.springframework.test.context.transaction.TransactionalTestExecutionListener, org.springframework.test.context.jdbc.SqlScriptsTestExecutionListener, org.springframework.test.context.event.EventPublishingTestExecutionListener, org.springframework.security.test.context.support.WithSecurityContextTestExecutionListener, org.springframework.security.test.context.support.ReactorContextTestExecutionListener]
2022-03-08 10:48:51.457  INFO 33725 --- [           main] .b.t.c.SpringBootTestContextBootstrapper : Using TestExecutionListeners: [org.springframework.test.context.web.ServletTestExecutionListener@3a0baec0, org.springframework.test.context.support.DirtiesContextBeforeModesTestExecutionListener@50c2ef56, org.springframework.test.context.event.ApplicationEventsTestExecutionListener@560d6d2, org.springframework.boot.test.mock.mockito.MockitoTestExecutionListener@3514237f, org.springframework.boot.test.autoconfigure.SpringBootDependencyInjectionTestExecutionListener@520ee6b3, org.springframework.test.context.support.DirtiesContextTestExecutionListener@15f11bfb, org.springframework.test.context.transaction.TransactionalTestExecutionListener@16a499d1, org.springframework.test.context.jdbc.SqlScriptsTestExecutionListener@2bf4fa1, org.springframework.test.context.event.EventPublishingTestExecutionListener@27210a3b, org.springframework.security.test.context.support.WithSecurityContextTestExecutionListener@3a12f3e7, org.springframework.security.test.context.support.ReactorContextTestExecutionListener@84a9f65, org.springframework.boot.test.mock.mockito.ResetMocksTestExecutionListener@70700b8a, org.springframework.boot.test.autoconfigure.restdocs.RestDocsTestExecutionListener@5fafa76d, org.springframework.boot.test.autoconfigure.web.client.MockRestServiceServerResetTestExecutionListener@720ffab4, org.springframework.boot.test.autoconfigure.web.servlet.MockMvcPrintOnlyOnFailureTestExecutionListener@2e62e227, org.springframework.boot.test.autoconfigure.web.servlet.WebDriverTestExecutionListener@5ebe903a, org.springframework.boot.test.autoconfigure.webservices.client.MockWebServiceServerTestExecutionListener@7c88d04f]

  .   ____          _            __ _ _
 /\\ / ___'_ __ _ _(_)_ __  __ _ \ \ \ \
( ( )\___ | '_ | '_| | '_ \/ _` | \ \ \ \
 \\/  ___)| |_)| | | | | || (_| |  ) ) ) )
  '  |____| .__|_| |_|_| |_\__, | / / / /
 =========|_|==============|___/=/_/_/_/
 :: Spring Boot ::                (v2.6.2)

2022-03-08 10:48:51.634  INFO 33725 --- [           main] c.p.m.controller.UserControllerTest      : Starting UserControllerTest using Java 17.0.2 on PPBNOMBPBT-218.local with PID 33725 (started by ambesh.kumar in /Users/ambesh.kumar/myWorkDirectory/walletManagement/UserManagement)
2022-03-08 10:48:51.635  INFO 33725 --- [           main] c.p.m.controller.UserControllerTest      : No active profile set, falling back to default profiles: default
2022-03-08 10:48:52.432  INFO 33725 --- [           main] .s.d.r.c.RepositoryConfigurationDelegate : Bootstrapping Spring Data JPA repositories in DEFAULT mode.
2022-03-08 10:48:52.503  INFO 33725 --- [           main] .s.d.r.c.RepositoryConfigurationDelegate : Finished Spring Data repository scanning in 69 ms. Found 3 JPA repository interfaces.
2022-03-08 10:48:53.066  INFO 33725 --- [           main] o.hibernate.jpa.internal.util.LogHelper  : HHH000204: Processing PersistenceUnitInfo [name: default]
2022-03-08 10:48:53.081  INFO 33725 --- [           main] com.zaxxer.hikari.HikariDataSource       : HikariPool-2 - Starting...
2022-03-08 10:48:53.107  INFO 33725 --- [           main] com.zaxxer.hikari.HikariDataSource       : HikariPool-2 - Start completed.
2022-03-08 10:48:53.109  INFO 33725 --- [           main] org.hibernate.dialect.Dialect            : HHH000400: Using dialect: org.hibernate.dialect.MySQL8Dialect
2022-03-08 10:48:53.376  INFO 33725 --- [           main] o.h.e.t.j.p.i.JtaPlatformInitiator       : HHH000490: Using JtaPlatform implementation: [org.hibernate.engine.transaction.jta.platform.internal.NoJtaPlatform]
2022-03-08 10:48:53.377  INFO 33725 --- [           main] j.LocalContainerEntityManagerFactoryBean : Initialized JPA EntityManagerFactory for persistence unit 'default'
2022-03-08 10:48:54.240  INFO 33725 --- [           main] o.s.b.t.m.w.SpringBootMockServletContext : Initializing Spring TestDispatcherServlet ''
2022-03-08 10:48:54.241  INFO 33725 --- [           main] o.s.t.web.servlet.TestDispatcherServlet  : Initializing Servlet ''
2022-03-08 10:48:54.519  WARN 33725 --- [           main] JpaBaseConfiguration$JpaWebConfiguration : spring.jpa.open-in-view is enabled by default. Therefore, database queries may be performed during view rendering. Explicitly configure spring.jpa.open-in-view to disable this warning
2022-03-08 10:48:56.782  INFO 33725 --- [           main] o.s.t.web.servlet.TestDispatcherServlet  : Completed initialization in 2541 ms
2022-03-08 10:48:57.196  INFO 33725 --- [           main] o.s.s.web.DefaultSecurityFilterChain     : Will secure any request with [org.springframework.security.web.context.request.async.WebAsyncManagerIntegrationFilter@3af6d7a7, org.springframework.security.web.context.SecurityContextPersistenceFilter@15324f25, org.springframework.security.web.header.HeaderWriterFilter@796a7c9, org.springframework.security.web.authentication.logout.LogoutFilter@6e0dec27, com.paytm.mileston2.config.JwtAuthFilter@2665a2e7, org.springframework.security.web.savedrequest.RequestCacheAwareFilter@30a79476, org.springframework.security.web.servletapi.SecurityContextHolderAwareRequestFilter@207f7baa, org.springframework.security.web.authentication.AnonymousAuthenticationFilter@18711946, org.springframework.security.web.session.SessionManagementFilter@7136ad9a, org.springframework.security.web.access.ExceptionTranslationFilter@237b54bc, org.springframework.security.web.access.intercept.FilterSecurityInterceptor@2dc72c0c]
2022-03-08 10:48:57.645  INFO 33725 --- [           main] c.p.m.controller.UserControllerTest      : Started UserControllerTest in 6.172 seconds (JVM running for 14.211)

MockHttpServletRequest:
      HTTP Method = POST
      Request URI = /user
       Parameters = {}
          Headers = [Content-Type:"application/json;charset=UTF-8", Content-Length:"140"]
             Body = {  "mobileNumber":"9111111",  "name":"ambuj1",  "email":"kambuj2gmail.com",  "address":"BSE",  "username":"ambuj12",  "password":"ambuj@97"}
    Session Attrs = {}

Handler:
             Type = com.paytm.mileston2.controller.UserController
           Method = com.paytm.mileston2.controller.UserController#createUser(User)

Async:
    Async started = false
     Async result = null

Resolved Exception:
             Type = org.springframework.web.bind.MethodArgumentNotValidException

ModelAndView:
        View name = null
             View = null
            Model = null

FlashMap:
       Attributes = null

MockHttpServletResponse:
           Status = 200
    Error message = null
          Headers = [Content-Type:"application/json", X-Content-Type-Options:"nosniff", X-XSS-Protection:"1; mode=block", Cache-Control:"no-cache, no-store, max-age=0, must-revalidate", Pragma:"no-cache", Expires:"0", X-Frame-Options:"DENY"]
     Content type = application/json
             Body = {"mobileNumber":"Enter only 10 digit mobile Number","email":"user need a valid email"}
    Forwarded URL = null
   Redirected URL = null
          Cookies = []
]]></system-out>
  </testcase>
  <testcase name="createSuccessfullyUser" classname="com.paytm.mileston2.controller.UserControllerTest" time="0.33"/>
  <testcase name="updateUser" classname="com.paytm.mileston2.controller.UserControllerTest" time="0.011">
    <error message="Cannot invoke &quot;com.paytm.mileston2.model.User.getUsername()&quot; because &quot;user&quot; is null" type="java.lang.NullPointerException">java.lang.NullPointerException: Cannot invoke "com.paytm.mileston2.model.User.getUsername()" because "user" is null
	at com.paytm.mileston2.controller.UserControllerTest.updateUser(UserControllerTest.java:107)
</error>
    <system-out><![CDATA[03-08-2022 10:48:58 UserService.java INFO  [main] service.UserService 92 - retrieved user by mobileNumber: 1234567890
Hibernate: select user0_.user_id as user_id1_1_, user0_.address as address2_1_, user0_.create_date as create_d3_1_, user0_.email as email4_1_, user0_.is_active_user as is_activ5_1_, user0_.is_active_wallet as is_activ6_1_, user0_.mobile_number as mobile_n7_1_, user0_.name as name8_1_, user0_.password as password9_1_, user0_.username as usernam10_1_, user0_.wallet_wallet_id as wallet_11_1_ from user user0_ where user0_.mobile_number=?
]]></system-out>
  </testcase>
  <testcase name="deleteUser" classname="com.paytm.mileston2.controller.UserControllerTest" time="0.203">
    <error message="User can&apos;t be update !. because user doesn&apos;t exist with : User{userId=8, mobile_number=&apos;12345789&apos;, username=&apos;ak5555&apos;, password=&apos;ak44&apos;, email=&apos;ak22231@gmail.com&apos;, name=&apos;ak223&apos;, createDate=2022-03-07 11:58:58.192, isActiveUser=true, address=&apos;ask2&apos;, isActiveWallet=false, wallet=null}" type="java.lang.RuntimeException">java.lang.RuntimeException: User can't be update !. because user doesn't exist with : User{userId=8, mobile_number='12345789', username='ak5555', password='ak44', email='ak22231@gmail.com', name='ak223', createDate=2022-03-07 11:58:58.192, isActiveUser=true, address='ask2', isActiveWallet=false, wallet=null}
	at com.paytm.mileston2.controller.UserControllerTest.deleteUser(UserControllerTest.java:98)
</error>
    <system-out><![CDATA[03-08-2022 10:48:58 UserService.java INFO  [main] service.UserService 65 - retrieved user by userId :8
Hibernate: select user0_.user_id as user_id1_1_0_, user0_.address as address2_1_0_, user0_.create_date as create_d3_1_0_, user0_.email as email4_1_0_, user0_.is_active_user as is_activ5_1_0_, user0_.is_active_wallet as is_activ6_1_0_, user0_.mobile_number as mobile_n7_1_0_, user0_.name as name8_1_0_, user0_.password as password9_1_0_, user0_.username as usernam10_1_0_, user0_.wallet_wallet_id as wallet_11_1_0_, wallet1_.wallet_id as wallet_i1_2_1_, wallet1_.curr_bal as curr_bal2_2_1_ from user user0_ left outer join wallet wallet1_ on user0_.wallet_wallet_id=wallet1_.wallet_id where user0_.user_id=?
03-08-2022 10:48:58 UserService.java INFO  [main] service.UserService 92 - retrieved user by mobileNumber: 12345789
Hibernate: select user0_.user_id as user_id1_1_, user0_.address as address2_1_, user0_.create_date as create_d3_1_, user0_.email as email4_1_, user0_.is_active_user as is_activ5_1_, user0_.is_active_wallet as is_activ6_1_, user0_.mobile_number as mobile_n7_1_, user0_.name as name8_1_, user0_.password as password9_1_, user0_.username as usernam10_1_, user0_.wallet_wallet_id as wallet_11_1_ from user user0_ where user0_.mobile_number=?
03-08-2022 10:48:58 UserService.java DEBUG [main] service.UserService 106 - retrieved user by username: ak5555
Hibernate: select user0_.user_id as user_id1_1_, user0_.address as address2_1_, user0_.create_date as create_d3_1_, user0_.email as email4_1_, user0_.is_active_user as is_activ5_1_, user0_.is_active_wallet as is_activ6_1_, user0_.mobile_number as mobile_n7_1_, user0_.name as name8_1_, user0_.password as password9_1_, user0_.username as usernam10_1_, user0_.wallet_wallet_id as wallet_11_1_ from user user0_ where user0_.username=?
03-08-2022 10:48:58 CustomUserDetailsJwtService.java DEBUG [main] service.CustomUserDetailsJwtService 28 - load by username !
03-08-2022 10:48:58 CustomUserDetailsJwtService.java INFO  [main] service.CustomUserDetailsJwtService 29 - username :ak5555
03-08-2022 10:48:58 UserService.java DEBUG [main] service.UserService 106 - retrieved user by username: ak5555
Hibernate: select user0_.user_id as user_id1_1_, user0_.address as address2_1_, user0_.create_date as create_d3_1_, user0_.email as email4_1_, user0_.is_active_user as is_activ5_1_, user0_.is_active_wallet as is_activ6_1_, user0_.mobile_number as mobile_n7_1_, user0_.name as name8_1_, user0_.password as password9_1_, user0_.username as usernam10_1_, user0_.wallet_wallet_id as wallet_11_1_ from user user0_ where user0_.username=?
03-08-2022 10:48:58 CustomUserDetailsJwtService.java DEBUG [main] service.CustomUserDetailsJwtService 28 - load by username !
03-08-2022 10:48:58 CustomUserDetailsJwtService.java INFO  [main] service.CustomUserDetailsJwtService 29 - username :ak5555
03-08-2022 10:48:58 JwtTokenController.java INFO  [main] controller.JwtTokenController 49 -  username :ak5555 password : ak44
03-08-2022 10:48:58 JwtTokenController.java INFO  [main] controller.JwtTokenController 50 - Token generated :eyJhbGciOiJIUzI1NiJ9.eyJzdWIiOiJhazU1NTUiLCJleHAiOjE2NDY3NTI3MzgsImlhdCI6MTY0NjcxNjczOH0.DOMZlN0p_fIHfTKrldhuk-PbA2DWnUuZNmn0l_wKNs8
03-08-2022 10:48:58 JwtAuthFilter.java DEBUG [main] config.JwtAuthFilter 54 - user login successfully from do filterInternal ! 
03-08-2022 10:48:58 JwtAuthFilter.java INFO  [main] config.JwtAuthFilter 55 - username : ak5555
03-08-2022 10:48:58 UserService.java DEBUG [main] service.UserService 106 - retrieved user by username: ak5555
Hibernate: select user0_.user_id as user_id1_1_, user0_.address as address2_1_, user0_.create_date as create_d3_1_, user0_.email as email4_1_, user0_.is_active_user as is_activ5_1_, user0_.is_active_wallet as is_activ6_1_, user0_.mobile_number as mobile_n7_1_, user0_.name as name8_1_, user0_.password as password9_1_, user0_.username as usernam10_1_, user0_.wallet_wallet_id as wallet_11_1_ from user user0_ where user0_.username=?
03-08-2022 10:48:58 CustomUserDetailsJwtService.java DEBUG [main] service.CustomUserDetailsJwtService 28 - load by username !
03-08-2022 10:48:58 CustomUserDetailsJwtService.java INFO  [main] service.CustomUserDetailsJwtService 29 - username :ak5555
Hibernate: select user0_.user_id as user_id1_1_0_, user0_.address as address2_1_0_, user0_.create_date as create_d3_1_0_, user0_.email as email4_1_0_, user0_.is_active_user as is_activ5_1_0_, user0_.is_active_wallet as is_activ6_1_0_, user0_.mobile_number as mobile_n7_1_0_, user0_.name as name8_1_0_, user0_.password as password9_1_0_, user0_.username as usernam10_1_0_, user0_.wallet_wallet_id as wallet_11_1_0_, wallet1_.wallet_id as wallet_i1_2_1_, wallet1_.curr_bal as curr_bal2_2_1_ from user user0_ left outer join wallet wallet1_ on user0_.wallet_wallet_id=wallet1_.wallet_id where user0_.user_id=?
03-08-2022 10:48:58 UserService.java INFO  [main] service.UserService 85 - user delete with userId : 8
Hibernate: delete from user where user_id=?
Hibernate: select user0_.user_id as user_id1_1_1_, user0_.address as address2_1_1_, user0_.create_date as create_d3_1_1_, user0_.email as email4_1_1_, user0_.is_active_user as is_activ5_1_1_, user0_.is_active_wallet as is_activ6_1_1_, user0_.mobile_number as mobile_n7_1_1_, user0_.name as name8_1_1_, user0_.password as password9_1_1_, user0_.username as usernam10_1_1_, user0_.wallet_wallet_id as wallet_11_1_1_, wallet1_.wallet_id as wallet_i1_2_0_, wallet1_.curr_bal as curr_bal2_2_0_ from user user0_ left outer join wallet wallet1_ on user0_.wallet_wallet_id=wallet1_.wallet_id where user0_.user_id=?

MockHttpServletRequest:
      HTTP Method = POST
      Request URI = /GenerateTokens
       Parameters = {}
          Headers = [Content-Type:"application/json;charset=UTF-8", Content-Length:"39"]
             Body = {"username":"ak5555","password":"ak44"}
    Session Attrs = {}

Handler:
             Type = com.paytm.mileston2.controller.JwtTokenController
           Method = com.paytm.mileston2.controller.JwtTokenController#generateToken(JwtRequest)

Async:
    Async started = false
     Async result = null

Resolved Exception:
             Type = null

ModelAndView:
        View name = null
             View = null
            Model = null

FlashMap:
       Attributes = null

MockHttpServletResponse:
           Status = 200
    Error message = null
          Headers = [Content-Type:"application/json", X-Content-Type-Options:"nosniff", X-XSS-Protection:"1; mode=block", Cache-Control:"no-cache, no-store, max-age=0, must-revalidate", Pragma:"no-cache", Expires:"0", X-Frame-Options:"DENY"]
     Content type = application/json
             Body = {"token":"eyJhbGciOiJIUzI1NiJ9.eyJzdWIiOiJhazU1NTUiLCJleHAiOjE2NDY3NTI3MzgsImlhdCI6MTY0NjcxNjczOH0.DOMZlN0p_fIHfTKrldhuk-PbA2DWnUuZNmn0l_wKNs8"}
    Forwarded URL = null
   Redirected URL = null
          Cookies = []

MockHttpServletRequest:
      HTTP Method = DELETE
      Request URI = /user
       Parameters = {userId=[8]}
          Headers = [Authorization:"Bearer eyJhbGciOiJIUzI1NiJ9.eyJzdWIiOiJhazU1NTUiLCJleHAiOjE2NDY3NTI3MzgsImlhdCI6MTY0NjcxNjczOH0.DOMZlN0p_fIHfTKrldhuk-PbA2DWnUuZNmn0l_wKNs8"]
             Body = null
    Session Attrs = {}

Handler:
             Type = com.paytm.mileston2.controller.UserController
           Method = com.paytm.mileston2.controller.UserController#deleteUser(Long)

Async:
    Async started = false
     Async result = null

Resolved Exception:
             Type = null

ModelAndView:
        View name = null
             View = null
            Model = null

FlashMap:
       Attributes = null

MockHttpServletResponse:
           Status = 200
    Error message = null
          Headers = [Content-Type:"application/json", X-Content-Type-Options:"nosniff", X-XSS-Protection:"1; mode=block", Cache-Control:"no-cache, no-store, max-age=0, must-revalidate", Pragma:"no-cache", Expires:"0", X-Frame-Options:"DENY"]
     Content type = application/json
             Body = {"msg":"User delete successfully","timestamp":"2022-03-08T05:18:58.841+00:00","status":"ACCEPTED"}
    Forwarded URL = null
   Redirected URL = null
          Cookies = []
]]></system-out>
  </testcase>
  <testcase name="getUserById" classname="com.paytm.mileston2.controller.UserControllerTest" time="0.039">
    <failure message="address&#10;Expected: ak&#10;     got: ask22&#10; ; email&#10;Expected: ak@gmail.com&#10;     got: ak1211@gmail.com&#10; ; mobileNumber&#10;Expected: 1234567890&#10;     got: 1234567891&#10; ; password&#10;Expected: ak&#10;     got: ak121&#10; ; username&#10;Expected: ak&#10;     got: ak122&#10;" type="java.lang.AssertionError">java.lang.AssertionError: 
address
Expected: ak
     got: ask22
 ; email
Expected: ak@gmail.com
     got: ak1211@gmail.com
 ; mobileNumber
Expected: 1234567890
     got: 1234567891
 ; password
Expected: ak
     got: ak121
 ; username
Expected: ak
     got: ak122

	at com.paytm.mileston2.controller.UserControllerTest.getUserById(UserControllerTest.java:75)
</failure>
    <system-out><![CDATA[03-08-2022 10:48:58 UserService.java INFO  [main] service.UserService 65 - retrieved user by userId :1
Hibernate: select user0_.user_id as user_id1_1_0_, user0_.address as address2_1_0_, user0_.create_date as create_d3_1_0_, user0_.email as email4_1_0_, user0_.is_active_user as is_activ5_1_0_, user0_.is_active_wallet as is_activ6_1_0_, user0_.mobile_number as mobile_n7_1_0_, user0_.name as name8_1_0_, user0_.password as password9_1_0_, user0_.username as usernam10_1_0_, user0_.wallet_wallet_id as wallet_11_1_0_, wallet1_.wallet_id as wallet_i1_2_1_, wallet1_.curr_bal as curr_bal2_2_1_ from user user0_ left outer join wallet wallet1_ on user0_.wallet_wallet_id=wallet1_.wallet_id where user0_.user_id=?
03-08-2022 10:48:58 UserController.java INFO  [main] controller.UserController 44 - user retrieved by userId 1

MockHttpServletRequest:
      HTTP Method = GET
      Request URI = /user
       Parameters = {userId=[1]}
          Headers = []
             Body = null
    Session Attrs = {}

Handler:
             Type = com.paytm.mileston2.controller.UserController
           Method = com.paytm.mileston2.controller.UserController#getUserById(long)

Async:
    Async started = false
     Async result = null

Resolved Exception:
             Type = null

ModelAndView:
        View name = null
             View = null
            Model = null

FlashMap:
       Attributes = null

MockHttpServletResponse:
           Status = 200
    Error message = null
          Headers = [Content-Type:"application/json", X-Content-Type-Options:"nosniff", X-XSS-Protection:"1; mode=block", Cache-Control:"no-cache, no-store, max-age=0, must-revalidate", Pragma:"no-cache", Expires:"0", X-Frame-Options:"DENY"]
     Content type = application/json
             Body = {"userId":1,"mobileNumber":"1234567891","username":"ak122","password":"ak121","email":"ak1211@gmail.com","name":"ak","createDate":"2022-03-07T05:18:26.473+00:00","isActiveUser":true,"isActiveWallet":false,"address":"ask22"}
    Forwarded URL = null
   Redirected URL = null
          Cookies = []
]]></system-out>
  </testcase>
</testsuite>