<?xml version="1.0" encoding="UTF-8"?>
<testsuite xmlns:xsi="http://www.w3.org/2001/XMLSchema-instance" xsi:noNamespaceSchemaLocation="https://maven.apache.org/surefire/maven-surefire-plugin/xsd/surefire-test-report.xsd" name="com.paytm.mileston2.service.WalletServiceTest" time="0.085" tests="5" errors="2" skipped="0" failures="0">
  <properties>
[...]
</properties>
  <testcase name="getWalletById" classname="com.paytm.mileston2.service.WalletServiceTest" time="0.006"/>
  <testcase name="addMoney" classname="com.paytm.mileston2.service.WalletServiceTest" time="0.004">
    <error message="can&apos;t add money in wallet due to : \nCannot invoke &quot;com.paytm.mileston2.service.UserService.findByMobileNumber(String)&quot; because &quot;this.userService&quot; is null" type="com.paytm.mileston2.exception.BadRequestException">com.paytm.mileston2.exception.BadRequestException: can't add money in wallet due to : \nCannot invoke "com.paytm.mileston2.service.UserService.findByMobileNumber(String)" because "this.userService" is null
	at com.paytm.mileston2.service.WalletServiceTest.addMoney(WalletServiceTest.java:63)
</error>
  </testcase>
  <testcase name="updateWallet" classname="com.paytm.mileston2.service.WalletServiceTest" time="0.005"/>
  <testcase name="deleteWalletById" classname="com.paytm.mileston2.service.WalletServiceTest" time="0.007"/>
  <testcase name="createWallet" classname="com.paytm.mileston2.service.WalletServiceTest" time="0.006">
    <error message="can&apos;t create wallet." type="com.paytm.mileston2.exception.BadRequestException">com.paytm.mileston2.exception.BadRequestException: can't create wallet.
	at com.paytm.mileston2.service.WalletServiceTest.createWallet(WalletServiceTest.java:33)
</error>
    <system-out><![CDATA[03-08-2022 10:48:59 WalletService.java INFO  [main] service.WalletService 52 - wallet can't create 1234567890
]]></system-out>
  </testcase>
</testsuite>